0 info it worked if it ends with ok
1 verbose cli [ 'C:\\Program Files\\nodejs\\\\node.exe',
1 verbose cli   'C:\\Program Files\\nodejs\\node_modules\\npm\\bin\\npm-cli.js',
1 verbose cli   'install' ]
2 info using npm@1.4.14
3 info using node@v0.10.29
4 verbose node symlink C:\Program Files\nodejs\\node.exe
5 warn package.json example@0.0.0 No repository field.
6 verbose readDependencies using package.json deps
7 verbose install where, deps [ 'C:\\Users\\Nico\\Dropbox\\Turkey\\HeritageOfSilence',
7 verbose install   [ 'express',
7 verbose install     'browserify',
7 verbose install     'browserify-shim',
7 verbose install     'connect-livereload',
7 verbose install     'gulp',
7 verbose install     'gulp-autoprefixer',
7 verbose install     'gulp-browserify',
7 verbose install     'gulp-clean',
7 verbose install     'gulp-concat',
7 verbose install     'gulp-embedlr',
7 verbose install     'gulp-jshint',
7 verbose install     'gulp-livereload',
7 verbose install     'gulp-rimraf',
7 verbose install     'gulp-sass',
7 verbose install     'gulp-uglify',
7 verbose install     'gulp-util',
7 verbose install     'tiny-lr' ] ]
8 info preinstall example@0.0.0
9 verbose readDependencies using package.json deps
10 verbose already installed skipping express@3.0.0 C:\Users\Nico\Dropbox\Turkey\HeritageOfSilence
11 verbose cache add [ 'browserify@3.46.0', null ]
12 verbose cache add name=undefined spec="browserify@3.46.0" args=["browserify@3.46.0",null]
13 verbose parsed url { protocol: null,
13 verbose parsed url   slashes: null,
13 verbose parsed url   auth: null,
13 verbose parsed url   host: null,
13 verbose parsed url   port: null,
13 verbose parsed url   hostname: null,
13 verbose parsed url   hash: null,
13 verbose parsed url   search: null,
13 verbose parsed url   query: null,
13 verbose parsed url   pathname: 'browserify@3.46.0',
13 verbose parsed url   path: 'browserify@3.46.0',
13 verbose parsed url   href: 'browserify@3.46.0' }
14 verbose already installed skipping browserify-shim@^3.7.0 C:\Users\Nico\Dropbox\Turkey\HeritageOfSilence
15 verbose already installed skipping connect-livereload@~0.4.0 C:\Users\Nico\Dropbox\Turkey\HeritageOfSilence
16 verbose already installed skipping gulp@~3.8.11 C:\Users\Nico\Dropbox\Turkey\HeritageOfSilence
17 verbose already installed skipping gulp-autoprefixer@0.0.7 C:\Users\Nico\Dropbox\Turkey\HeritageOfSilence
18 verbose already installed skipping gulp-browserify@^0.5.0 C:\Users\Nico\Dropbox\Turkey\HeritageOfSilence
19 verbose already installed skipping gulp-clean@~0.3.1 C:\Users\Nico\Dropbox\Turkey\HeritageOfSilence
20 verbose already installed skipping gulp-concat@~2.2.0 C:\Users\Nico\Dropbox\Turkey\HeritageOfSilence
21 verbose already installed skipping gulp-embedlr@~0.5.2 C:\Users\Nico\Dropbox\Turkey\HeritageOfSilence
22 verbose already installed skipping gulp-jshint@~1.5.5 C:\Users\Nico\Dropbox\Turkey\HeritageOfSilence
23 verbose already installed skipping gulp-livereload@~2.1.0 C:\Users\Nico\Dropbox\Turkey\HeritageOfSilence
24 verbose already installed skipping gulp-rimraf@~0.1.0 C:\Users\Nico\Dropbox\Turkey\HeritageOfSilence
25 verbose cache add [ 'gulp-sass@~0.7.1', null ]
26 verbose cache add name=undefined spec="gulp-sass@~0.7.1" args=["gulp-sass@~0.7.1",null]
27 verbose parsed url { protocol: null,
27 verbose parsed url   slashes: null,
27 verbose parsed url   auth: null,
27 verbose parsed url   host: null,
27 verbose parsed url   port: null,
27 verbose parsed url   hostname: null,
27 verbose parsed url   hash: null,
27 verbose parsed url   search: null,
27 verbose parsed url   query: null,
27 verbose parsed url   pathname: 'gulp-sass@~0.7.1',
27 verbose parsed url   path: 'gulp-sass@~0.7.1',
27 verbose parsed url   href: 'gulp-sass@~0.7.1' }
28 verbose already installed skipping gulp-uglify@^1.0.1 C:\Users\Nico\Dropbox\Turkey\HeritageOfSilence
29 verbose already installed skipping gulp-util@~2.2.14 C:\Users\Nico\Dropbox\Turkey\HeritageOfSilence
30 verbose cache add name="browserify" spec="3.46.0" args=["browserify","3.46.0"]
31 verbose parsed url { protocol: null,
31 verbose parsed url   slashes: null,
31 verbose parsed url   auth: null,
31 verbose parsed url   host: null,
31 verbose parsed url   port: null,
31 verbose parsed url   hostname: null,
31 verbose parsed url   hash: null,
31 verbose parsed url   search: null,
31 verbose parsed url   query: null,
31 verbose parsed url   pathname: '3.46.0',
31 verbose parsed url   path: '3.46.0',
31 verbose parsed url   href: '3.46.0' }
32 verbose addNamed [ 'browserify', '3.46.0' ]
33 verbose addNamed [ '3.46.0', '3.46.0' ]
34 verbose cache add name="gulp-sass" spec="~0.7.1" args=["gulp-sass","~0.7.1"]
35 verbose parsed url { protocol: null,
35 verbose parsed url   slashes: null,
35 verbose parsed url   auth: null,
35 verbose parsed url   host: null,
35 verbose parsed url   port: null,
35 verbose parsed url   hostname: null,
35 verbose parsed url   hash: null,
35 verbose parsed url   search: null,
35 verbose parsed url   query: null,
35 verbose parsed url   pathname: '~0.7.1',
35 verbose parsed url   path: '~0.7.1',
35 verbose parsed url   href: '~0.7.1' }
36 verbose addNamed [ 'gulp-sass', '~0.7.1' ]
37 verbose addNamed [ null, '>=0.7.1-0 <0.8.0-0' ]
38 verbose already installed skipping tiny-lr@0.0.7 C:\Users\Nico\Dropbox\Turkey\HeritageOfSilence
39 silly lockFile 5b9a6237-browserify-3-46-0 browserify@3.46.0
40 verbose lock browserify@3.46.0 C:\Users\Nico\AppData\Roaming\npm-cache\5b9a6237-browserify-3-46-0.lock
41 silly lockFile 67e01708-gulp-sass-0-7-1 gulp-sass@~0.7.1
42 verbose lock gulp-sass@~0.7.1 C:\Users\Nico\AppData\Roaming\npm-cache\67e01708-gulp-sass-0-7-1.lock
43 silly addNameRange { name: 'gulp-sass',
43 silly addNameRange   range: '>=0.7.1-0 <0.8.0-0',
43 silly addNameRange   hasData: false }
44 verbose url raw gulp-sass
45 verbose url resolving [ 'https://registry.npmjs.org/', './gulp-sass' ]
46 verbose url resolved https://registry.npmjs.org/gulp-sass
47 info trying registry request attempt 1 at 22:31:23
48 verbose etag "C6953O2VR1KDOSXDNP32421X2"
49 http GET https://registry.npmjs.org/gulp-sass
50 verbose url raw browserify
51 verbose url resolving [ 'https://registry.npmjs.org/', './browserify' ]
52 verbose url resolved https://registry.npmjs.org/browserify
53 info trying registry request attempt 1 at 22:31:23
54 verbose etag "DQ500XN9IFH7IRQ5DU1BF5V66"
55 http GET https://registry.npmjs.org/browserify
56 http 200 https://registry.npmjs.org/gulp-sass
57 silly registry.get cb [ 200,
57 silly registry.get   { date: 'Fri, 03 Apr 2015 20:31:21 GMT',
57 silly registry.get     server: 'CouchDB/1.5.0 (Erlang OTP/R16B03)',
57 silly registry.get     etag: '"9ILW0Y85VUX05KV0L4UND2ATY"',
57 silly registry.get     'content-type': 'application/json',
57 silly registry.get     'cache-control': 'max-age=60',
57 silly registry.get     'content-length': '33245',
57 silly registry.get     'accept-ranges': 'bytes',
57 silly registry.get     via: '1.1 varnish',
57 silly registry.get     age: '28',
57 silly registry.get     'x-served-by': 'cache-fra1244-FRA',
57 silly registry.get     'x-cache': 'HIT',
57 silly registry.get     'x-cache-hits': '1',
57 silly registry.get     'x-timer': 'S1428093081.179935,VS0,VE0',
57 silly registry.get     vary: 'Accept',
57 silly registry.get     'keep-alive': 'timeout=10, max=50',
57 silly registry.get     connection: 'Keep-Alive' } ]
58 silly addNameRange number 2 { name: 'gulp-sass', range: '>=0.7.1-0 <0.8.0-0', hasData: true }
59 silly addNameRange versions [ 'gulp-sass',
59 silly addNameRange   [ '0.1.0',
59 silly addNameRange     '0.2.1',
59 silly addNameRange     '0.2.2',
59 silly addNameRange     '0.2.3',
59 silly addNameRange     '0.3.0',
59 silly addNameRange     '0.4.0',
59 silly addNameRange     '0.4.1',
59 silly addNameRange     '0.5.0',
59 silly addNameRange     '0.5.1',
59 silly addNameRange     '0.5.2',
59 silly addNameRange     '0.6.0',
59 silly addNameRange     '0.7.0',
59 silly addNameRange     '0.7.1',
59 silly addNameRange     '0.7.2',
59 silly addNameRange     '0.7.3',
59 silly addNameRange     '1.0.0',
59 silly addNameRange     '1.1.0',
59 silly addNameRange     '1.2.0',
59 silly addNameRange     '1.2.1',
59 silly addNameRange     '1.2.2',
59 silly addNameRange     '1.2.3',
59 silly addNameRange     '1.2.4',
59 silly addNameRange     '1.3.0',
59 silly addNameRange     '1.3.1',
59 silly addNameRange     '1.3.2',
59 silly addNameRange     '1.3.3',
59 silly addNameRange     '2.0.0-alpha.1' ] ]
60 verbose addNamed [ 'gulp-sass', '0.7.3' ]
61 verbose addNamed [ '0.7.3', '0.7.3' ]
62 silly lockFile 721f0c96-gulp-sass-0-7-3 gulp-sass@0.7.3
63 verbose lock gulp-sass@0.7.3 C:\Users\Nico\AppData\Roaming\npm-cache\721f0c96-gulp-sass-0-7-3.lock
64 silly lockFile 721f0c96-gulp-sass-0-7-3 gulp-sass@0.7.3
65 silly lockFile 721f0c96-gulp-sass-0-7-3 gulp-sass@0.7.3
66 silly lockFile 67e01708-gulp-sass-0-7-1 gulp-sass@~0.7.1
67 silly lockFile 67e01708-gulp-sass-0-7-1 gulp-sass@~0.7.1
68 http 200 https://registry.npmjs.org/browserify
69 silly registry.get cb [ 200,
69 silly registry.get   { date: 'Fri, 03 Apr 2015 20:31:21 GMT',
69 silly registry.get     server: 'CouchDB/1.5.0 (Erlang OTP/R16B03)',
69 silly registry.get     etag: '"74G0ABN8TXCTUSQIXVCO63RWZ"',
69 silly registry.get     'content-type': 'application/json',
69 silly registry.get     'cache-control': 'max-age=60',
69 silly registry.get     'content-length': '790813',
69 silly registry.get     'accept-ranges': 'bytes',
69 silly registry.get     via: '1.1 varnish',
69 silly registry.get     age: '0',
69 silly registry.get     'x-served-by': 'cache-fra1244-FRA',
69 silly registry.get     'x-cache': 'HIT',
69 silly registry.get     'x-cache-hits': '1',
69 silly registry.get     'x-timer': 'S1428093081.277544,VS0,VE424',
69 silly registry.get     vary: 'Accept',
69 silly registry.get     'keep-alive': 'timeout=10, max=50',
69 silly registry.get     connection: 'Keep-Alive' } ]
70 silly lockFile d1ff2b57-browserify-browserify-3-46-0-tgz https://registry.npmjs.org/browserify/-/browserify-3.46.0.tgz
71 verbose lock https://registry.npmjs.org/browserify/-/browserify-3.46.0.tgz C:\Users\Nico\AppData\Roaming\npm-cache\d1ff2b57-browserify-browserify-3-46-0-tgz.lock
72 verbose addRemoteTarball [ 'https://registry.npmjs.org/browserify/-/browserify-3.46.0.tgz',
72 verbose addRemoteTarball   'dc32dd189efcb0b9e7ca88f5099b11654ab3c50f' ]
73 info retry fetch attempt 1 at 22:31:39
74 verbose fetch to= C:\Users\Nico\AppData\Local\Temp\npm-5912-DvDhl22e\registry.npmjs.org\browserify\-\browserify-3.46.0.tgz
75 http GET https://registry.npmjs.org/browserify/-/browserify-3.46.0.tgz
76 http 200 https://registry.npmjs.org/browserify/-/browserify-3.46.0.tgz
77 silly lockFile d1ff2b57-browserify-browserify-3-46-0-tgz https://registry.npmjs.org/browserify/-/browserify-3.46.0.tgz
78 silly lockFile d1ff2b57-browserify-browserify-3-46-0-tgz https://registry.npmjs.org/browserify/-/browserify-3.46.0.tgz
79 silly lockFile 5b9a6237-browserify-3-46-0 browserify@3.46.0
80 silly lockFile 5b9a6237-browserify-3-46-0 browserify@3.46.0
81 silly resolved [ { name: 'gulp-sass',
81 silly resolved     version: '0.7.3',
81 silly resolved     description: 'Gulp plugin for sass',
81 silly resolved     main: 'index.js',
81 silly resolved     scripts: { test: 'node test/test.js' },
81 silly resolved     repository: { type: 'git', url: 'git://github.com/dlmanning/gulp-sass' },
81 silly resolved     keywords: [ 'gulpplugin', 'sass', 'gulp' ],
81 silly resolved     author: { name: 'David Manning' },
81 silly resolved     license: 'MIT',
81 silly resolved     bugs: { url: 'https://github.com/dlmanning/gulp-sass/issues' },
81 silly resolved     dependencies:
81 silly resolved      { 'node-sass': '^0.9',
81 silly resolved        'gulp-util': '^3.0',
81 silly resolved        'map-stream': '~0.1' },
81 silly resolved     devDependencies: { tape: '~2.3', 'concat-stream': '~1.4' },
81 silly resolved     jshintConfig: { laxcomma: true },
81 silly resolved     gitHead: '57b7a6cfcfea0bb43675c9b6f51be96805100cc2',
81 silly resolved     homepage: 'https://github.com/dlmanning/gulp-sass',
81 silly resolved     _id: 'gulp-sass@0.7.3',
81 silly resolved     _shasum: '4bfbb4e4d95a40be8beeebe07e8e477e7f7a2edc',
81 silly resolved     _from: 'gulp-sass@~0.7.1',
81 silly resolved     _npmVersion: '1.4.21',
81 silly resolved     _npmUser: { name: 'dlmanning', email: 'dlmanning@me.com' },
81 silly resolved     maintainers: [ [Object] ],
81 silly resolved     dist:
81 silly resolved      { shasum: '4bfbb4e4d95a40be8beeebe07e8e477e7f7a2edc',
81 silly resolved        tarball: 'http://registry.npmjs.org/gulp-sass/-/gulp-sass-0.7.3.tgz' },
81 silly resolved     directories: {},
81 silly resolved     _resolved: 'https://registry.npmjs.org/gulp-sass/-/gulp-sass-0.7.3.tgz',
81 silly resolved     readme: 'ERROR: No README data found!' },
81 silly resolved   { name: 'browserify',
81 silly resolved     version: '3.46.0',
81 silly resolved     description: 'browser-side require() the node way',
81 silly resolved     main: 'index.js',
81 silly resolved     bin: { browserify: 'bin/cmd.js' },
81 silly resolved     repository:
81 silly resolved      { type: 'git',
81 silly resolved        url: 'http://github.com/substack/node-browserify.git' },
81 silly resolved     keywords:
81 silly resolved      [ 'browser',
81 silly resolved        'require',
81 silly resolved        'commonjs',
81 silly resolved        'commonj-esque',
81 silly resolved        'bundle',
81 silly resolved        'npm',
81 silly resolved        'javascript' ],
81 silly resolved     dependencies:
81 silly resolved      { JSONStream: '~0.7.1',
81 silly resolved        assert: '~1.1.0',
81 silly resolved        'browser-pack': '~2.0.0',
81 silly resolved        'browser-resolve': '~1.2.1',
81 silly resolved        'browserify-zlib': '~0.1.2',
81 silly resolved        buffer: '~2.1.4',
81 silly resolved        builtins: '~0.0.3',
81 silly resolved        commondir: '0.0.1',
81 silly resolved        'concat-stream': '~1.4.1',
81 silly resolved        'console-browserify': '~1.0.1',
81 silly resolved        'constants-browserify': '~0.0.1',
81 silly resolved        'crypto-browserify': '~1.0.9',
81 silly resolved        'deep-equal': '~0.1.0',
81 silly resolved        defined: '~0.0.0',
81 silly resolved        'deps-sort': '~0.1.1',
81 silly resolved        derequire: '~0.8.0',
81 silly resolved        'domain-browser': '~1.1.0',
81 silly resolved        duplexer: '~0.1.1',
81 silly resolved        events: '~1.0.0',
81 silly resolved        glob: '~3.2.8',
81 silly resolved        'http-browserify': '~1.3.1',
81 silly resolved        'https-browserify': '~0.0.0',
81 silly resolved        inherits: '~2.0.1',
81 silly resolved        'insert-module-globals': '~5.0.1',
81 silly resolved        'module-deps': '~1.10.0',
81 silly resolved        'os-browserify': '~0.1.1',
81 silly resolved        parents: '~0.0.1',
81 silly resolved        'path-browserify': '~0.0.0',
81 silly resolved        punycode: '~1.2.3',
81 silly resolved        'querystring-es3': '0.2.0',
81 silly resolved        resolve: '~0.6.1',
81 silly resolved        'shallow-copy': '0.0.1',
81 silly resolved        'shell-quote': '~0.0.1',
81 silly resolved        'stream-browserify': '~0.1.0',
81 silly resolved        'stream-combiner': '~0.0.2',
81 silly resolved        string_decoder: '~0.0.0',
81 silly resolved        subarg: '0.0.1',
81 silly resolved        'syntax-error': '~1.1.0',
81 silly resolved        through2: '~0.4.1',
81 silly resolved        'timers-browserify': '~1.0.1',
81 silly resolved        'tty-browserify': '~0.0.0',
81 silly resolved        umd: '~2.0.0',
81 silly resolved        url: '~0.10.1',
81 silly resolved        util: '~0.10.1',
81 silly resolved        'vm-browserify': '~0.0.1' },
81 silly resolved     devDependencies:
81 silly resolved      { backbone: '~0.9.2',
81 silly resolved        'browser-unpack': '~0.0.0',
81 silly resolved        'coffee-script': '~1.5.0',
81 silly resolved        coffeeify: '~0.6.0',
81 silly resolved        dnode: '~1.0.3',
81 silly resolved        es6ify: '~0.4.8',
81 silly resolved        mkdirp: '~0.3.3',
81 silly resolved        seq: '0.3.3',
81 silly resolved        tap: '~0.4.0',
81 silly resolved        through: '~2.3.4' },
81 silly resolved     author:
81 silly resolved      { name: 'James Halliday',
81 silly resolved        email: 'mail@substack.net',
81 silly resolved        url: 'http://substack.net' },
81 silly resolved     scripts: { test: 'tap test/*.js' },
81 silly resolved     license: 'MIT',
81 silly resolved     bugs: { url: 'https://github.com/substack/node-browserify/issues' },
81 silly resolved     homepage: 'https://github.com/substack/node-browserify',
81 silly resolved     _id: 'browserify@3.46.0',
81 silly resolved     dist:
81 silly resolved      { shasum: 'dc32dd189efcb0b9e7ca88f5099b11654ab3c50f',
81 silly resolved        tarball: 'http://registry.npmjs.org/browserify/-/browserify-3.46.0.tgz' },
81 silly resolved     _from: 'browserify@3.46.0',
81 silly resolved     _npmVersion: '1.4.3',
81 silly resolved     _npmUser: { name: 'substack', email: 'mail@substack.net' },
81 silly resolved     maintainers: [ [Object] ],
81 silly resolved     directories: {},
81 silly resolved     _shasum: 'dc32dd189efcb0b9e7ca88f5099b11654ab3c50f',
81 silly resolved     _resolved: 'https://registry.npmjs.org/browserify/-/browserify-3.46.0.tgz' } ]
82 info install gulp-sass@0.7.3 into C:\Users\Nico\Dropbox\Turkey\HeritageOfSilence
83 info install browserify@3.46.0 into C:\Users\Nico\Dropbox\Turkey\HeritageOfSilence
84 info installOne gulp-sass@0.7.3
85 info installOne browserify@3.46.0
86 info C:\Users\Nico\Dropbox\Turkey\HeritageOfSilence\node_modules\gulp-sass unbuild
87 info preuninstall gulp-sass@1.3.3
88 info uninstall gulp-sass@1.3.3
89 verbose true,C:\Users\Nico\Dropbox\Turkey\HeritageOfSilence\node_modules,C:\Users\Nico\Dropbox\Turkey\HeritageOfSilence\node_modules unbuild gulp-sass@1.3.3
90 info postuninstall gulp-sass@1.3.3
91 info C:\Users\Nico\Dropbox\Turkey\HeritageOfSilence\node_modules\browserify unbuild
92 info C:\Users\Nico\Dropbox\Turkey\HeritageOfSilence\node_modules\browserify unbuild
93 error error rolling back Error: EPERM, unlink 'C:\Users\Nico\Dropbox\Turkey\HeritageOfSilence\node_modules\browserify\node_modules\module-deps\node_modules\detective'
93 error error rolling back  browserify@3.46.0 { [Error: EPERM, unlink 'C:\Users\Nico\Dropbox\Turkey\HeritageOfSilence\node_modules\browserify\node_modules\module-deps\node_modules\detective']
93 error error rolling back   errno: 50,
93 error error rolling back   code: 'EPERM',
93 error error rolling back   path: 'C:\\Users\\Nico\\Dropbox\\Turkey\\HeritageOfSilence\\node_modules\\browserify\\node_modules\\module-deps\\node_modules\\detective' }
94 error Error: EPERM, unlink 'C:\Users\Nico\Dropbox\Turkey\HeritageOfSilence\node_modules\browserify\node_modules\module-deps\node_modules\detective'
94 error  { [Error: EPERM, unlink 'C:\Users\Nico\Dropbox\Turkey\HeritageOfSilence\node_modules\browserify\node_modules\module-deps\node_modules\detective']
94 error   errno: 50,
94 error   code: 'EPERM',
94 error   path: 'C:\\Users\\Nico\\Dropbox\\Turkey\\HeritageOfSilence\\node_modules\\browserify\\node_modules\\module-deps\\node_modules\\detective' }
95 error Please try running this command again as root/Administrator.
96 error System Windows_NT 6.1.7601
97 error command "C:\\Program Files\\nodejs\\\\node.exe" "C:\\Program Files\\nodejs\\node_modules\\npm\\bin\\npm-cli.js" "install"
98 error cwd C:\Users\Nico\Dropbox\Turkey\HeritageOfSilence
99 error node -v v0.10.29
100 error npm -v 1.4.14
101 error path C:\Users\Nico\Dropbox\Turkey\HeritageOfSilence\node_modules\browserify\node_modules\module-deps\node_modules\detective
102 error code EPERM
103 error errno 50
104 error stack Error: EPERM, unlink 'C:\Users\Nico\Dropbox\Turkey\HeritageOfSilence\node_modules\browserify\node_modules\module-deps\node_modules\detective'
105 verbose exit [ 50, true ]
